\BOOKMARK [0][-]{Doc-Start}{摘要 }{}% 1
\BOOKMARK [0][-]{Doc-Start}{Abstract\040}{}% 2
\BOOKMARK [0][-]{Doc-Start}{图目录 }{}% 3
\BOOKMARK [0][-]{Doc-Start}{表目录 }{}% 4
\BOOKMARK [0][-]{chapter.1}{第一章 绪论}{}% 5
\BOOKMARK [1][-]{section.1.1}{第一节 研究背景和意义}{chapter.1}% 6
\BOOKMARK [2][-]{subsection.1.1.1}{1.1.1 研究背景和研究目标}{section.1.1}% 7
\BOOKMARK [1][-]{section.1.2}{第二节 研究背景和意义}{chapter.1}% 8
\BOOKMARK [2][-]{subsection.1.2.1}{1.2.1 研究背景和意义}{section.1.2}% 9
\BOOKMARK [0][-]{chapter.2}{第二章 文献综述}{}% 10
\BOOKMARK [1][-]{section.2.1}{第一节 第一节内容}{chapter.2}% 11
\BOOKMARK [1][-]{section.2.2}{第二节 第二节内容}{chapter.2}% 12
\BOOKMARK [2][-]{subsection.2.2.1}{2.2.1 第一小节内容}{section.2.2}% 13
\BOOKMARK [2][-]{subsection.2.2.2}{2.2.2 第二小节内容}{section.2.2}% 14
\BOOKMARK [0][-]{chapter.3}{第三章 模型方案}{}% 15
\BOOKMARK [1][-]{section.3.1}{第一节 第一节}{chapter.3}% 16
\BOOKMARK [2][-]{subsection.3.1.1}{3.1.1 第一小节}{section.3.1}% 17
\BOOKMARK [1][-]{section.3.2}{第二节 第二节}{chapter.3}% 18
\BOOKMARK [0][-]{chapter.4}{第四章 实证研究}{}% 19
\BOOKMARK [1][-]{section.4.1}{第一节 第一节内容}{chapter.4}% 20
\BOOKMARK [0][-]{chapter.5}{第五章 结论}{}% 21
\BOOKMARK [1][-]{section.5.1}{第一节 总结}{chapter.5}% 22
\BOOKMARK [0][-]{section.5.1}{附录A  附录A标题 }{}% 23
\BOOKMARK [0][-]{section.5.1}{附录B  程序代码 }{}% 24
\BOOKMARK [0][-]{lstnumber.-1.3}{参考文献 }{}% 25
\BOOKMARK [0][-]{lstnumber.-1.3}{致谢 }{}% 26
\BOOKMARK [0][-]{lstnumber.-1.3}{个人简历 }{}% 27
